c:\users\user\documents\programing\openvision\x64\release\vc143.pdb
c:\users\user\documents\programing\openvision\x64\release\savesystem.obj
c:\users\user\documents\programing\openvision\x64\release\polygoncollider.obj
c:\users\user\documents\programing\openvision\x64\release\physicsworld.obj
c:\users\user\documents\programing\openvision\x64\release\physicsbody.obj
c:\users\user\documents\programing\openvision\x64\release\ov.obj
c:\users\user\documents\programing\openvision\x64\release\object.obj
c:\users\user\documents\programing\openvision\x64\release\main.obj
c:\users\user\documents\programing\openvision\x64\release\inputsystem.obj
c:\users\user\documents\programing\openvision\x64\release\imgui_widgets.obj
c:\users\user\documents\programing\openvision\x64\release\imgui_tables.obj
c:\users\user\documents\programing\openvision\x64\release\imgui_impl_opengl3.obj
c:\users\user\documents\programing\openvision\x64\release\imgui_impl_glfw.obj
c:\users\user\documents\programing\openvision\x64\release\imgui_draw.obj
c:\users\user\documents\programing\openvision\x64\release\imgui_demo.obj
c:\users\user\documents\programing\openvision\x64\release\imgui.obj
c:\users\user\documents\programing\openvision\x64\release\ebo.obj
c:\users\user\documents\programing\openvision\x64\release\collisionmanager.obj
c:\users\user\documents\programing\openvision\x64\release\collider.obj
c:\users\user\documents\programing\openvision\x64\release\circlecollider.obj
c:\users\user\documents\programing\openvision\x64\release\camera.obj
c:\users\user\documents\programing\openvision\x64\release\vbo.obj
c:\users\user\documents\programing\openvision\x64\release\vao.obj
c:\users\user\documents\programing\openvision\x64\release\tex.obj
c:\users\user\documents\programing\openvision\x64\release\stb.obj
c:\users\user\documents\programing\openvision\x64\release\scripttwo.obj
c:\users\user\documents\programing\openvision\x64\release\script.obj
c:\users\user\documents\programing\openvision\x64\release\glad.obj
c:\users\user\documents\programing\openvision\x64\release\vision_engine.tlog\cl.command.1.tlog
c:\users\user\documents\programing\openvision\x64\release\vision_engine.tlog\cl.read.1.tlog
c:\users\user\documents\programing\openvision\x64\release\vision_engine.tlog\cl.write.1.tlog
c:\users\user\documents\programing\openvision\x64\release\vision_engine.tlog\link.command.1.tlog
c:\users\user\documents\programing\openvision\x64\release\vision_engine.tlog\link.read.1.tlog
c:\users\user\documents\programing\openvision\x64\release\vision_engine.tlog\link.write.1.tlog
