  Camera.cpp
  EBO.cpp
  Main.cpp
C:\Users\user\Documents\GitHub\OpenVision\Vision_engine\Math.h(6,27): warning C4244: 'return': conversion from 'double' to 'float', possible loss of data
C:\Users\user\Documents\GitHub\OpenVision\Vision_engine\Main.cpp(166,42): warning C4305: 'initializing': truncation from 'double' to 'float'
C:\Users\user\Documents\GitHub\OpenVision\Vision_engine\Main.cpp(192,67): warning C4244: 'argument': conversion from 'double' to 'float', possible loss of data
C:\Users\user\Documents\GitHub\OpenVision\Vision_engine\Main.cpp(192,95): warning C4305: 'argument': truncation from 'double' to 'float'
C:\Users\user\Documents\GitHub\OpenVision\Vision_engine\Main.cpp(195,63): warning C4244: 'argument': conversion from 'double' to 'float', possible loss of data
C:\Users\user\Documents\GitHub\OpenVision\Vision_engine\Main.cpp(195,89): warning C4305: 'argument': truncation from 'double' to 'float'
C:\Users\user\Documents\GitHub\OpenVision\Vision_engine\Main.cpp(198,69): warning C4244: 'argument': conversion from 'double' to 'float', possible loss of data
C:\Users\user\Documents\GitHub\OpenVision\Vision_engine\Main.cpp(198,97): warning C4305: 'argument': truncation from 'double' to 'float'
C:\Users\user\Documents\GitHub\OpenVision\Vision_engine\Main.cpp(201,67): warning C4244: 'argument': conversion from 'double' to 'float', possible loss of data
C:\Users\user\Documents\GitHub\OpenVision\Vision_engine\Main.cpp(201,93): warning C4305: 'argument': truncation from 'double' to 'float'
C:\Users\user\Documents\GitHub\OpenVision\Vision_engine\Main.cpp(204,64): warning C4244: 'argument': conversion from 'double' to 'float', possible loss of data
  Object.cpp
C:\Users\user\Documents\GitHub\OpenVision\Vision_engine\Object.cpp(38,68): warning C4267: 'argument': conversion from 'size_t' to 'GLsizei', possible loss of data
  stb.cpp
  Tex.cpp
  VAO.cpp
C:\Users\user\Documents\GitHub\OpenVision\Vision_engine\VAO.cpp(13,63): warning C4244: 'argument': conversion from 'GLsizeiptr' to 'GLsizei', possible loss of data
  VBO.cpp
  glad.c
  Previous IPDB was built with incompatible compiler, fall back to full compilation.
LINK : warning LNK4098: defaultlib 'MSVCRTD' conflicts with use of other libs; use /NODEFAULTLIB:library
  Generating code
  All 474 functions were compiled because no usable IPDB/IOBJ from previous compilation was found.
  Finished generating code
glfw3.lib(context.obj) : warning LNK4099: PDB '' was not found with 'glfw3.lib(context.obj)' or at ''; linking object as if no debug info
glfw3.lib(window.obj) : warning LNK4099: PDB '' was not found with 'glfw3.lib(window.obj)' or at ''; linking object as if no debug info
glfw3.lib(input.obj) : warning LNK4099: PDB '' was not found with 'glfw3.lib(input.obj)' or at ''; linking object as if no debug info
glfw3.lib(init.obj) : warning LNK4099: PDB '' was not found with 'glfw3.lib(init.obj)' or at ''; linking object as if no debug info
glfw3.lib(win32_thread.obj) : warning LNK4099: PDB '' was not found with 'glfw3.lib(win32_thread.obj)' or at ''; linking object as if no debug info
glfw3.lib(win32_window.obj) : warning LNK4099: PDB '' was not found with 'glfw3.lib(win32_window.obj)' or at ''; linking object as if no debug info
glfw3.lib(win32_joystick.obj) : warning LNK4099: PDB '' was not found with 'glfw3.lib(win32_joystick.obj)' or at ''; linking object as if no debug info
glfw3.lib(win32_time.obj) : warning LNK4099: PDB '' was not found with 'glfw3.lib(win32_time.obj)' or at ''; linking object as if no debug info
glfw3.lib(win32_init.obj) : warning LNK4099: PDB '' was not found with 'glfw3.lib(win32_init.obj)' or at ''; linking object as if no debug info
glfw3.lib(win32_monitor.obj) : warning LNK4099: PDB '' was not found with 'glfw3.lib(win32_monitor.obj)' or at ''; linking object as if no debug info
glfw3.lib(monitor.obj) : warning LNK4099: PDB '' was not found with 'glfw3.lib(monitor.obj)' or at ''; linking object as if no debug info
glfw3.lib(vulkan.obj) : warning LNK4099: PDB '' was not found with 'glfw3.lib(vulkan.obj)' or at ''; linking object as if no debug info
glfw3.lib(wgl_context.obj) : warning LNK4099: PDB '' was not found with 'glfw3.lib(wgl_context.obj)' or at ''; linking object as if no debug info
glfw3.lib(egl_context.obj) : warning LNK4099: PDB '' was not found with 'glfw3.lib(egl_context.obj)' or at ''; linking object as if no debug info
glfw3.lib(osmesa_context.obj) : warning LNK4099: PDB '' was not found with 'glfw3.lib(osmesa_context.obj)' or at ''; linking object as if no debug info
  Vision_engine.vcxproj -> C:\Users\user\Documents\GitHub\OpenVision\Vision_engine\x64\Release\Vision_engine.exe
